[ 2013-08-27T00:03:09+08:00 ] 127.0.0.1 /hello/index.php/Index/index
INFO: [ route_check ] --START--
INFO: CheckRoute Behavior ::run [ RunTime:0.001083s ]
INFO: [ route_check ] --END-- [ RunTime:0.001170s ]
INFO: [ app_begin ] --START--
INFO: ReadHtmlCache Behavior ::run [ RunTime:0.000692s ]
INFO: [ app_begin ] --END-- [ RunTime:0.000756s ]
SQL: SHOW COLUMNS FROM `hello_user` [ RunTime:0.003930s ]
SQL: SELECT * FROM `hello_user` WHERE ( `email` = '393867916@qq.com' ) LIMIT 1   [ RunTime:0.000309s ]
INFO: [ view_parse ] --START--
NOTIC: [8] Undefined variable: slide1 E:\wamp\www\hello\Runtime\Cache\b42df3d294fe8fb76fbe1db7ccd52452.php 第 136 行.
INFO: ParseTemplate Behavior ::run [ RunTime:0.009156s ]
INFO: [ view_parse ] --END-- [ RunTime:0.009235s ]
INFO: [ view_filter ] --START--
INFO: ContentReplace Behavior ::run [ RunTime:0.000557s ]
INFO: TokenBuild Behavior ::run [ RunTime:0.000601s ]
INFO: WriteHtmlCache Behavior ::run [ RunTime:0.000433s ]
INFO: ShowRuntime Behavior ::run [ RunTime:0.000634s ]
INFO: [ view_filter ] --END-- [ RunTime:0.002386s ]
INFO: [ view_end ] --START--
INFO: ShowPageTrace Behavior ::run [ RunTime:0.000774s ]
INFO: [ view_end ] --END-- [ RunTime:0.000835s ]

[ 2013-08-27T00:04:18+08:00 ] 127.0.0.1 /hello/index.php/Index/index
INFO: [ route_check ] --START--
INFO: CheckRoute Behavior ::run [ RunTime:0.000847s ]
INFO: [ route_check ] --END-- [ RunTime:0.000933s ]
INFO: [ app_begin ] --START--
INFO: ReadHtmlCache Behavior ::run [ RunTime:0.000626s ]
INFO: [ app_begin ] --END-- [ RunTime:0.000690s ]
SQL: SHOW COLUMNS FROM `hello_user` [ RunTime:0.004200s ]
SQL: SELECT * FROM `hello_user` WHERE ( `email` = '393867916@qq.com' ) LIMIT 1   [ RunTime:0.000333s ]
INFO: [ view_parse ] --START--
NOTIC: [8] Undefined variable: slide1 E:\wamp\www\hello\Runtime\Cache\b42df3d294fe8fb76fbe1db7ccd52452.php 第 136 行.
INFO: ParseTemplate Behavior ::run [ RunTime:0.008494s ]
INFO: [ view_parse ] --END-- [ RunTime:0.008567s ]
INFO: [ view_filter ] --START--
INFO: ContentReplace Behavior ::run [ RunTime:0.000454s ]
INFO: TokenBuild Behavior ::run [ RunTime:0.000439s ]
INFO: WriteHtmlCache Behavior ::run [ RunTime:0.000325s ]
INFO: ShowRuntime Behavior ::run [ RunTime:0.000515s ]
INFO: [ view_filter ] --END-- [ RunTime:0.001890s ]
INFO: [ view_end ] --START--
INFO: ShowPageTrace Behavior ::run [ RunTime:0.000675s ]
INFO: [ view_end ] --END-- [ RunTime:0.000730s ]

[ 2013-08-27T00:04:46+08:00 ] 127.0.0.1 /hello/index.php/Index/index
INFO: [ route_check ] --START--
INFO: CheckRoute Behavior ::run [ RunTime:0.000871s ]
INFO: [ route_check ] --END-- [ RunTime:0.000952s ]
INFO: [ app_begin ] --START--
INFO: ReadHtmlCache Behavior ::run [ RunTime:0.000576s ]
INFO: [ app_begin ] --END-- [ RunTime:0.000636s ]
SQL: SHOW COLUMNS FROM `hello_user` [ RunTime:0.004246s ]
SQL: SELECT * FROM `hello_user` WHERE ( `email` = '393867916@qq.com' ) LIMIT 1   [ RunTime:0.000319s ]
INFO: [ view_parse ] --START--
NOTIC: [8] Undefined variable: slide1 E:\wamp\www\hello\Runtime\Cache\b42df3d294fe8fb76fbe1db7ccd52452.php 第 136 行.
INFO: ParseTemplate Behavior ::run [ RunTime:0.008262s ]
INFO: [ view_parse ] --END-- [ RunTime:0.008333s ]
INFO: [ view_filter ] --START--
INFO: ContentReplace Behavior ::run [ RunTime:0.000448s ]
INFO: TokenBuild Behavior ::run [ RunTime:0.000564s ]
INFO: WriteHtmlCache Behavior ::run [ RunTime:0.000372s ]
INFO: ShowRuntime Behavior ::run [ RunTime:0.000541s ]
INFO: [ view_filter ] --END-- [ RunTime:0.002097s ]
INFO: [ view_end ] --START--
INFO: ShowPageTrace Behavior ::run [ RunTime:0.000645s ]
INFO: [ view_end ] --END-- [ RunTime:0.000702s ]

[ 2013-08-27T00:09:38+08:00 ] 127.0.0.1 /hello/index.php/Index/index
INFO: [ route_check ] --START--
INFO: CheckRoute Behavior ::run [ RunTime:0.001098s ]
INFO: [ route_check ] --END-- [ RunTime:0.001183s ]
INFO: [ app_begin ] --START--
INFO: ReadHtmlCache Behavior ::run [ RunTime:0.000726s ]
INFO: [ app_begin ] --END-- [ RunTime:0.000793s ]
SQL: SHOW COLUMNS FROM `hello_user` [ RunTime:0.004602s ]
SQL: SELECT * FROM `hello_user` WHERE ( `email` = '393867916@qq.com' ) LIMIT 1   [ RunTime:0.000339s ]
INFO: [ view_parse ] --START--
NOTIC: [8] Undefined variable: slide1 E:\wamp\www\hello\Runtime\Cache\b42df3d294fe8fb76fbe1db7ccd52452.php 第 136 行.
INFO: ParseTemplate Behavior ::run [ RunTime:0.009341s ]
INFO: [ view_parse ] --END-- [ RunTime:0.009416s ]
INFO: [ view_filter ] --START--
INFO: ContentReplace Behavior ::run [ RunTime:0.000557s ]
INFO: TokenBuild Behavior ::run [ RunTime:0.000553s ]
INFO: WriteHtmlCache Behavior ::run [ RunTime:0.000432s ]
INFO: ShowRuntime Behavior ::run [ RunTime:0.000609s ]
INFO: [ view_filter ] --END-- [ RunTime:0.002313s ]
INFO: [ view_end ] --START--
INFO: ShowPageTrace Behavior ::run [ RunTime:0.000774s ]
INFO: [ view_end ] --END-- [ RunTime:0.000833s ]

[ 2013-08-27T00:15:12+08:00 ] 127.0.0.1 /hello/
INFO: [ app_begin ] --START--
INFO: ReadHtmlCache Behavior ::run [ RunTime:0.001032s ]
INFO: [ app_begin ] --END-- [ RunTime:0.001129s ]
SQL: SHOW COLUMNS FROM `hello_user` [ RunTime:0.004578s ]
SQL: SELECT * FROM `hello_user` WHERE ( `email` = '393867916@qq.com' ) LIMIT 1   [ RunTime:0.000429s ]
INFO: [ view_parse ] --START--
NOTIC: [8] Undefined variable: slide1 E:\wamp\www\hello\Runtime\Cache\b42df3d294fe8fb76fbe1db7ccd52452.php 第 136 行.
INFO: ParseTemplate Behavior ::run [ RunTime:0.010436s ]
INFO: [ view_parse ] --END-- [ RunTime:0.010518s ]
INFO: [ view_filter ] --START--
INFO: ContentReplace Behavior ::run [ RunTime:0.000652s ]
INFO: TokenBuild Behavior ::run [ RunTime:0.000615s ]
INFO: WriteHtmlCache Behavior ::run [ RunTime:0.000492s ]
INFO: ShowRuntime Behavior ::run [ RunTime:0.000732s ]
INFO: [ view_filter ] --END-- [ RunTime:0.002674s ]
INFO: [ view_end ] --START--
INFO: ShowPageTrace Behavior ::run [ RunTime:0.000927s ]
INFO: [ view_end ] --END-- [ RunTime:0.000994s ]

[ 2013-08-27T21:40:07+08:00 ] 127.0.0.1 /hello/
INFO: [ app_begin ] --START--
INFO: ReadHtmlCache Behavior ::run [ RunTime:0.002306s ]
INFO: [ app_begin ] --END-- [ RunTime:0.002493s ]
SQL: SHOW COLUMNS FROM `hello_user` [ RunTime:0.027656s ]
SQL: SELECT * FROM `hello_user` WHERE ( `email` = '393867916@qq.com' ) LIMIT 1   [ RunTime:0.000702s ]
INFO: [ view_parse ] --START--
NOTIC: [8] Undefined variable: slide1 E:\wamp\www\hello\Runtime\Cache\b42df3d294fe8fb76fbe1db7ccd52452.php 第 136 行.
INFO: ParseTemplate Behavior ::run [ RunTime:0.065643s ]
INFO: [ view_parse ] --END-- [ RunTime:0.065737s ]
INFO: [ view_filter ] --START--
INFO: ContentReplace Behavior ::run [ RunTime:0.000818s ]
INFO: TokenBuild Behavior ::run [ RunTime:0.000860s ]
INFO: WriteHtmlCache Behavior ::run [ RunTime:0.000737s ]
INFO: ShowRuntime Behavior ::run [ RunTime:0.001093s ]
INFO: [ view_filter ] --END-- [ RunTime:0.003724s ]
INFO: [ view_end ] --START--
INFO: ShowPageTrace Behavior ::run [ RunTime:0.001118s ]
INFO: [ view_end ] --END-- [ RunTime:0.001193s ]

[ 2013-08-27T21:40:16+08:00 ] 127.0.0.1 /hello/
INFO: [ app_begin ] --START--
INFO: ReadHtmlCache Behavior ::run [ RunTime:0.000930s ]
INFO: [ app_begin ] --END-- [ RunTime:0.001007s ]
SQL: SHOW COLUMNS FROM `hello_user` [ RunTime:0.003306s ]
SQL: SELECT * FROM `hello_user` WHERE ( `email` = '393867916@qq.com' ) LIMIT 1   [ RunTime:0.000320s ]
INFO: [ view_parse ] --START--
NOTIC: [8] Undefined variable: slide1 E:\wamp\www\hello\Runtime\Cache\b42df3d294fe8fb76fbe1db7ccd52452.php 第 136 行.
INFO: ParseTemplate Behavior ::run [ RunTime:0.016529s ]
INFO: [ view_parse ] --END-- [ RunTime:0.016637s ]
INFO: [ view_filter ] --START--
INFO: ContentReplace Behavior ::run [ RunTime:0.000624s ]
INFO: TokenBuild Behavior ::run [ RunTime:0.000620s ]
INFO: WriteHtmlCache Behavior ::run [ RunTime:0.000546s ]
INFO: ShowRuntime Behavior ::run [ RunTime:0.000721s ]
INFO: [ view_filter ] --END-- [ RunTime:0.002666s ]
INFO: [ view_end ] --START--
INFO: ShowPageTrace Behavior ::run [ RunTime:0.000832s ]
INFO: [ view_end ] --END-- [ RunTime:0.000888s ]

[ 2013-08-27T21:43:56+08:00 ] 127.0.0.1 /hello/
INFO: [ app_begin ] --START--
INFO: ReadHtmlCache Behavior ::run [ RunTime:0.000901s ]
INFO: [ app_begin ] --END-- [ RunTime:0.000980s ]
SQL: SHOW COLUMNS FROM `hello_user` [ RunTime:0.003678s ]
SQL: SELECT * FROM `hello_user` WHERE ( `email` = '393867916@qq.com' ) LIMIT 1   [ RunTime:0.000361s ]
INFO: [ view_parse ] --START--
NOTIC: [8] Undefined variable: slide1 E:\wamp\www\hello\Runtime\Cache\b42df3d294fe8fb76fbe1db7ccd52452.php 第 239 行.
INFO: ParseTemplate Behavior ::run [ RunTime:0.016465s ]
INFO: [ view_parse ] --END-- [ RunTime:0.016536s ]
INFO: [ view_filter ] --START--
INFO: ContentReplace Behavior ::run [ RunTime:0.000634s ]
INFO: TokenBuild Behavior ::run [ RunTime:0.000627s ]
INFO: WriteHtmlCache Behavior ::run [ RunTime:0.000546s ]
INFO: ShowRuntime Behavior ::run [ RunTime:0.000765s ]
INFO: [ view_filter ] --END-- [ RunTime:0.002743s ]
INFO: [ view_end ] --START--
INFO: ShowPageTrace Behavior ::run [ RunTime:0.000843s ]
INFO: [ view_end ] --END-- [ RunTime:0.000897s ]

