[ 2013-07-08T09:58:18+08:00 ] 127.0.0.1 /hello/index.php
INFO: [ app_begin ] --START--
INFO: ReadHtmlCache Behavior ::run [ RunTime:0.001320s ]
INFO: [ app_begin ] --END-- [ RunTime:0.001425s ]
INFO: [ view_parse ] --START--
INFO: ParseTemplate Behavior ::run [ RunTime:0.122733s ]
INFO: [ view_parse ] --END-- [ RunTime:0.122849s ]
INFO: [ view_filter ] --START--
INFO: ContentReplace Behavior ::run [ RunTime:0.026358s ]
INFO: TokenBuild Behavior ::run [ RunTime:0.034989s ]
INFO: WriteHtmlCache Behavior ::run [ RunTime:0.020248s ]
INFO: ShowRuntime Behavior ::run [ RunTime:0.096368s ]
INFO: [ view_filter ] --END-- [ RunTime:0.178251s ]
INFO: [ view_end ] --START--
INFO: ShowPageTrace Behavior ::run [ RunTime:0.033295s ]
INFO: [ view_end ] --END-- [ RunTime:0.033396s ]

[ 2013-07-08T10:02:04+08:00 ] 127.0.0.1 /hello/index.php
INFO: [ app_begin ] --START--
INFO: ReadHtmlCache Behavior ::run [ RunTime:0.001000s ]
INFO: [ app_begin ] --END-- [ RunTime:0.001085s ]
INFO: [ view_parse ] --START--
INFO: ParseTemplate Behavior ::run [ RunTime:0.009213s ]
INFO: [ view_parse ] --END-- [ RunTime:0.009306s ]
INFO: [ view_filter ] --START--
INFO: ContentReplace Behavior ::run [ RunTime:0.000662s ]
INFO: TokenBuild Behavior ::run [ RunTime:0.000684s ]
INFO: WriteHtmlCache Behavior ::run [ RunTime:0.000730s ]
INFO: ShowRuntime Behavior ::run [ RunTime:0.000821s ]
INFO: [ view_filter ] --END-- [ RunTime:0.003082s ]
INFO: [ view_end ] --START--
INFO: ShowPageTrace Behavior ::run [ RunTime:0.000900s ]
INFO: [ view_end ] --END-- [ RunTime:0.000962s ]

[ 2013-07-08T10:10:59+08:00 ] 127.0.0.1 /hello/index.php
INFO: [ app_begin ] --START--
INFO: ReadHtmlCache Behavior ::run [ RunTime:0.000996s ]
INFO: [ app_begin ] --END-- [ RunTime:0.001084s ]
INFO: [ view_parse ] --START--
INFO: ParseTemplate Behavior ::run [ RunTime:0.008904s ]
INFO: [ view_parse ] --END-- [ RunTime:0.008994s ]
INFO: [ view_filter ] --START--
INFO: ContentReplace Behavior ::run [ RunTime:0.000656s ]
INFO: TokenBuild Behavior ::run [ RunTime:0.000690s ]
INFO: WriteHtmlCache Behavior ::run [ RunTime:0.000637s ]
INFO: ShowRuntime Behavior ::run [ RunTime:0.000744s ]
INFO: [ view_filter ] --END-- [ RunTime:0.002911s ]
INFO: [ view_end ] --START--
INFO: ShowPageTrace Behavior ::run [ RunTime:0.000897s ]
INFO: [ view_end ] --END-- [ RunTime:0.000957s ]

[ 2013-07-08T10:11:18+08:00 ] 127.0.0.1 /hello/index.php
INFO: [ app_begin ] --START--
INFO: ReadHtmlCache Behavior ::run [ RunTime:0.001145s ]
INFO: [ app_begin ] --END-- [ RunTime:0.001241s ]
INFO: [ view_parse ] --START--
INFO: ParseTemplate Behavior ::run [ RunTime:0.016609s ]
INFO: [ view_parse ] --END-- [ RunTime:0.016708s ]
INFO: [ view_filter ] --START--
INFO: ContentReplace Behavior ::run [ RunTime:0.000674s ]
INFO: TokenBuild Behavior ::run [ RunTime:0.000673s ]
INFO: WriteHtmlCache Behavior ::run [ RunTime:0.000653s ]
INFO: ShowRuntime Behavior ::run [ RunTime:0.000777s ]
INFO: [ view_filter ] --END-- [ RunTime:0.002958s ]
INFO: [ view_end ] --START--
INFO: ShowPageTrace Behavior ::run [ RunTime:0.000930s ]
INFO: [ view_end ] --END-- [ RunTime:0.000990s ]

[ 2013-07-08T10:12:02+08:00 ] 127.0.0.1 /hello/index.php
INFO: [ app_begin ] --START--
INFO: ReadHtmlCache Behavior ::run [ RunTime:0.001012s ]
INFO: [ app_begin ] --END-- [ RunTime:0.001097s ]
INFO: [ view_parse ] --START--
INFO: ParseTemplate Behavior ::run [ RunTime:0.020883s ]
INFO: [ view_parse ] --END-- [ RunTime:0.021004s ]
INFO: [ view_filter ] --START--
INFO: ContentReplace Behavior ::run [ RunTime:0.000847s ]
INFO: TokenBuild Behavior ::run [ RunTime:0.001037s ]
INFO: WriteHtmlCache Behavior ::run [ RunTime:0.000704s ]
INFO: ShowRuntime Behavior ::run [ RunTime:0.000769s ]
INFO: [ view_filter ] --END-- [ RunTime:0.003591s ]
INFO: [ view_end ] --START--
INFO: ShowPageTrace Behavior ::run [ RunTime:0.000923s ]
INFO: [ view_end ] --END-- [ RunTime:0.000986s ]

[ 2013-07-08T10:21:43+08:00 ] 127.0.0.1 /hello/index.php
INFO: [ app_begin ] --START--
INFO: ReadHtmlCache Behavior ::run [ RunTime:0.000973s ]
INFO: [ app_begin ] --END-- [ RunTime:0.001057s ]
INFO: [ view_parse ] --START--
INFO: ParseTemplate Behavior ::run [ RunTime:0.009180s ]
INFO: [ view_parse ] --END-- [ RunTime:0.009275s ]
INFO: [ view_filter ] --START--
INFO: ContentReplace Behavior ::run [ RunTime:0.000652s ]
INFO: TokenBuild Behavior ::run [ RunTime:0.000649s ]
INFO: WriteHtmlCache Behavior ::run [ RunTime:0.000528s ]
INFO: ShowRuntime Behavior ::run [ RunTime:0.000725s ]
INFO: [ view_filter ] --END-- [ RunTime:0.002722s ]
INFO: [ view_end ] --START--
INFO: ShowPageTrace Behavior ::run [ RunTime:0.000887s ]
INFO: [ view_end ] --END-- [ RunTime:0.000949s ]

[ 2013-07-08T10:21:54+08:00 ] 127.0.0.1 /hello/index.php
INFO: [ app_begin ] --START--
INFO: ReadHtmlCache Behavior ::run [ RunTime:0.001286s ]
INFO: [ app_begin ] --END-- [ RunTime:0.001392s ]
INFO: [ view_parse ] --START--
INFO: ParseTemplate Behavior ::run [ RunTime:0.011083s ]
INFO: [ view_parse ] --END-- [ RunTime:0.011194s ]
INFO: [ view_filter ] --START--
INFO: ContentReplace Behavior ::run [ RunTime:0.000834s ]
INFO: TokenBuild Behavior ::run [ RunTime:0.000874s ]
INFO: WriteHtmlCache Behavior ::run [ RunTime:0.000807s ]
INFO: ShowRuntime Behavior ::run [ RunTime:0.000947s ]
INFO: [ view_filter ] --END-- [ RunTime:0.003693s ]
INFO: [ view_end ] --START--
INFO: ShowPageTrace Behavior ::run [ RunTime:0.001112s ]
INFO: [ view_end ] --END-- [ RunTime:0.001189s ]

[ 2013-07-08T10:22:28+08:00 ] 127.0.0.1 /hello/index.php
INFO: [ app_begin ] --START--
INFO: ReadHtmlCache Behavior ::run [ RunTime:0.000985s ]
INFO: [ app_begin ] --END-- [ RunTime:0.001069s ]
INFO: [ view_parse ] --START--
INFO: ParseTemplate Behavior ::run [ RunTime:0.008985s ]
INFO: [ view_parse ] --END-- [ RunTime:0.009078s ]
INFO: [ view_filter ] --START--
INFO: ContentReplace Behavior ::run [ RunTime:0.000696s ]
INFO: TokenBuild Behavior ::run [ RunTime:0.000671s ]
INFO: WriteHtmlCache Behavior ::run [ RunTime:0.000534s ]
INFO: ShowRuntime Behavior ::run [ RunTime:0.000720s ]
INFO: [ view_filter ] --END-- [ RunTime:0.002794s ]
INFO: [ view_end ] --START--
INFO: ShowPageTrace Behavior ::run [ RunTime:0.000905s ]
INFO: [ view_end ] --END-- [ RunTime:0.000969s ]

[ 2013-07-08T10:22:41+08:00 ] 127.0.0.1 /hello/index.php
INFO: [ app_begin ] --START--
INFO: ReadHtmlCache Behavior ::run [ RunTime:0.000710s ]
INFO: [ app_begin ] --END-- [ RunTime:0.000795s ]
INFO: [ view_parse ] --START--
INFO: ParseTemplate Behavior ::run [ RunTime:0.008263s ]
INFO: [ view_parse ] --END-- [ RunTime:0.008354s ]
INFO: [ view_filter ] --START--
INFO: ContentReplace Behavior ::run [ RunTime:0.000527s ]
INFO: TokenBuild Behavior ::run [ RunTime:0.000526s ]
INFO: WriteHtmlCache Behavior ::run [ RunTime:0.000417s ]
INFO: ShowRuntime Behavior ::run [ RunTime:0.000602s ]
INFO: [ view_filter ] --END-- [ RunTime:0.002239s ]
INFO: [ view_end ] --START--
INFO: ShowPageTrace Behavior ::run [ RunTime:0.000749s ]
INFO: [ view_end ] --END-- [ RunTime:0.000808s ]

[ 2013-07-08T10:23:09+08:00 ] 127.0.0.1 /hello/index.php
INFO: [ app_begin ] --START--
INFO: ReadHtmlCache Behavior ::run [ RunTime:0.000880s ]
INFO: [ app_begin ] --END-- [ RunTime:0.000975s ]
INFO: [ view_parse ] --START--
INFO: ParseTemplate Behavior ::run [ RunTime:0.009108s ]
INFO: [ view_parse ] --END-- [ RunTime:0.009205s ]
INFO: [ view_filter ] --START--
INFO: ContentReplace Behavior ::run [ RunTime:0.000524s ]
INFO: TokenBuild Behavior ::run [ RunTime:0.000526s ]
INFO: WriteHtmlCache Behavior ::run [ RunTime:0.000412s ]
INFO: ShowRuntime Behavior ::run [ RunTime:0.000610s ]
INFO: [ view_filter ] --END-- [ RunTime:0.002237s ]
INFO: [ view_end ] --START--
INFO: ShowPageTrace Behavior ::run [ RunTime:0.000755s ]
INFO: [ view_end ] --END-- [ RunTime:0.000815s ]

[ 2013-07-08T10:25:11+08:00 ] 127.0.0.1 /hello/index.php
INFO: [ app_begin ] --START--
INFO: ReadHtmlCache Behavior ::run [ RunTime:0.001038s ]
INFO: [ app_begin ] --END-- [ RunTime:0.001143s ]
INFO: [ view_parse ] --START--
INFO: ParseTemplate Behavior ::run [ RunTime:0.016422s ]
INFO: [ view_parse ] --END-- [ RunTime:0.016518s ]
INFO: [ view_filter ] --START--
INFO: ContentReplace Behavior ::run [ RunTime:0.000653s ]
INFO: TokenBuild Behavior ::run [ RunTime:0.000642s ]
INFO: WriteHtmlCache Behavior ::run [ RunTime:0.000522s ]
INFO: ShowRuntime Behavior ::run [ RunTime:0.000730s ]
INFO: [ view_filter ] --END-- [ RunTime:0.002717s ]
INFO: [ view_end ] --START--
INFO: ShowPageTrace Behavior ::run [ RunTime:0.000872s ]
INFO: [ view_end ] --END-- [ RunTime:0.000932s ]

[ 2013-07-08T10:29:53+08:00 ] 127.0.0.1 /hello/index.php
INFO: [ app_begin ] --START--
INFO: ReadHtmlCache Behavior ::run [ RunTime:0.001204s ]
INFO: [ app_begin ] --END-- [ RunTime:0.001304s ]
INFO: [ view_parse ] --START--
INFO: ParseTemplate Behavior ::run [ RunTime:0.011155s ]
INFO: [ view_parse ] --END-- [ RunTime:0.011362s ]
INFO: [ view_filter ] --START--
INFO: ContentReplace Behavior ::run [ RunTime:0.000979s ]
INFO: TokenBuild Behavior ::run [ RunTime:0.000682s ]
INFO: WriteHtmlCache Behavior ::run [ RunTime:0.000530s ]
INFO: ShowRuntime Behavior ::run [ RunTime:0.000753s ]
INFO: [ view_filter ] --END-- [ RunTime:0.003131s ]
INFO: [ view_end ] --START--
INFO: ShowPageTrace Behavior ::run [ RunTime:0.000878s ]
INFO: [ view_end ] --END-- [ RunTime:0.000940s ]

[ 2013-07-08T10:30:49+08:00 ] 127.0.0.1 /hello/index.php
INFO: [ app_begin ] --START--
INFO: ReadHtmlCache Behavior ::run [ RunTime:0.001216s ]
INFO: [ app_begin ] --END-- [ RunTime:0.001326s ]
INFO: [ view_parse ] --START--
INFO: ParseTemplate Behavior ::run [ RunTime:0.011762s ]
INFO: [ view_parse ] --END-- [ RunTime:0.011879s ]
INFO: [ view_filter ] --START--
INFO: ContentReplace Behavior ::run [ RunTime:0.000803s ]
INFO: TokenBuild Behavior ::run [ RunTime:0.000792s ]
INFO: WriteHtmlCache Behavior ::run [ RunTime:0.000651s ]
INFO: ShowRuntime Behavior ::run [ RunTime:0.000921s ]
INFO: [ view_filter ] --END-- [ RunTime:0.003383s ]
INFO: [ view_end ] --START--
INFO: ShowPageTrace Behavior ::run [ RunTime:0.001124s ]
INFO: [ view_end ] --END-- [ RunTime:0.001201s ]

[ 2013-07-08T11:06:21+08:00 ] 127.0.0.1 /hello/index.php
INFO: [ app_begin ] --START--
INFO: ReadHtmlCache Behavior ::run [ RunTime:0.000978s ]
INFO: [ app_begin ] --END-- [ RunTime:0.001064s ]
INFO: [ view_parse ] --START--
INFO: ParseTemplate Behavior ::run [ RunTime:0.009057s ]
INFO: [ view_parse ] --END-- [ RunTime:0.009157s ]
INFO: [ view_filter ] --START--
INFO: ContentReplace Behavior ::run [ RunTime:0.000670s ]
INFO: TokenBuild Behavior ::run [ RunTime:0.000650s ]
INFO: WriteHtmlCache Behavior ::run [ RunTime:0.000530s ]
INFO: ShowRuntime Behavior ::run [ RunTime:0.000725s ]
INFO: [ view_filter ] --END-- [ RunTime:0.002750s ]
INFO: [ view_end ] --START--
INFO: ShowPageTrace Behavior ::run [ RunTime:0.000979s ]
INFO: [ view_end ] --END-- [ RunTime:0.001050s ]

[ 2013-07-08T11:07:51+08:00 ] 127.0.0.1 /hello/index.php
INFO: [ app_begin ] --START--
INFO: ReadHtmlCache Behavior ::run [ RunTime:0.001231s ]
INFO: [ app_begin ] --END-- [ RunTime:0.001330s ]
INFO: [ view_parse ] --START--
INFO: ParseTemplate Behavior ::run [ RunTime:0.010550s ]
INFO: [ view_parse ] --END-- [ RunTime:0.010653s ]
INFO: [ view_filter ] --START--
INFO: ContentReplace Behavior ::run [ RunTime:0.000665s ]
INFO: TokenBuild Behavior ::run [ RunTime:0.000647s ]
INFO: WriteHtmlCache Behavior ::run [ RunTime:0.000525s ]
INFO: ShowRuntime Behavior ::run [ RunTime:0.000729s ]
INFO: [ view_filter ] --END-- [ RunTime:0.002736s ]
INFO: [ view_end ] --START--
INFO: ShowPageTrace Behavior ::run [ RunTime:0.000878s ]
INFO: [ view_end ] --END-- [ RunTime:0.000940s ]

[ 2013-07-08T11:08:55+08:00 ] 127.0.0.1 /hello/index.php
INFO: [ app_begin ] --START--
INFO: ReadHtmlCache Behavior ::run [ RunTime:0.001224s ]
INFO: [ app_begin ] --END-- [ RunTime:0.001328s ]
INFO: [ view_parse ] --START--
INFO: ParseTemplate Behavior ::run [ RunTime:0.011255s ]
INFO: [ view_parse ] --END-- [ RunTime:0.011365s ]
INFO: [ view_filter ] --START--
INFO: ContentReplace Behavior ::run [ RunTime:0.000814s ]
INFO: TokenBuild Behavior ::run [ RunTime:0.000806s ]
INFO: WriteHtmlCache Behavior ::run [ RunTime:0.000657s ]
INFO: ShowRuntime Behavior ::run [ RunTime:0.000919s ]
INFO: [ view_filter ] --END-- [ RunTime:0.003410s ]
INFO: [ view_end ] --START--
INFO: ShowPageTrace Behavior ::run [ RunTime:0.001096s ]
INFO: [ view_end ] --END-- [ RunTime:0.001194s ]

[ 2013-07-08T11:09:19+08:00 ] 127.0.0.1 /hello/index.php
INFO: [ app_begin ] --START--
INFO: ReadHtmlCache Behavior ::run [ RunTime:0.000750s ]
INFO: [ app_begin ] --END-- [ RunTime:0.000834s ]
INFO: [ view_parse ] --START--
INFO: ParseTemplate Behavior ::run [ RunTime:0.008282s ]
INFO: [ view_parse ] --END-- [ RunTime:0.008377s ]
INFO: [ view_filter ] --START--
INFO: ContentReplace Behavior ::run [ RunTime:0.000529s ]
INFO: TokenBuild Behavior ::run [ RunTime:0.000524s ]
INFO: WriteHtmlCache Behavior ::run [ RunTime:0.000411s ]
INFO: ShowRuntime Behavior ::run [ RunTime:0.000605s ]
INFO: [ view_filter ] --END-- [ RunTime:0.002245s ]
INFO: [ view_end ] --START--
INFO: ShowPageTrace Behavior ::run [ RunTime:0.000924s ]
INFO: [ view_end ] --END-- [ RunTime:0.001047s ]

[ 2013-07-08T11:09:36+08:00 ] 127.0.0.1 /hello/index.php
INFO: [ app_begin ] --START--
INFO: ReadHtmlCache Behavior ::run [ RunTime:0.001201s ]
INFO: [ app_begin ] --END-- [ RunTime:0.001295s ]
INFO: [ view_parse ] --START--
INFO: ParseTemplate Behavior ::run [ RunTime:0.008912s ]
INFO: [ view_parse ] --END-- [ RunTime:0.009003s ]
INFO: [ view_filter ] --START--
INFO: ContentReplace Behavior ::run [ RunTime:0.000692s ]
INFO: TokenBuild Behavior ::run [ RunTime:0.000663s ]
INFO: WriteHtmlCache Behavior ::run [ RunTime:0.000526s ]
INFO: ShowRuntime Behavior ::run [ RunTime:0.000728s ]
INFO: [ view_filter ] --END-- [ RunTime:0.002782s ]
INFO: [ view_end ] --START--
INFO: ShowPageTrace Behavior ::run [ RunTime:0.000881s ]
INFO: [ view_end ] --END-- [ RunTime:0.000945s ]

[ 2013-07-08T11:10:18+08:00 ] 127.0.0.1 /hello/index.php
INFO: [ app_begin ] --START--
INFO: ReadHtmlCache Behavior ::run [ RunTime:0.001001s ]
INFO: [ app_begin ] --END-- [ RunTime:0.001089s ]
INFO: [ view_parse ] --START--
INFO: ParseTemplate Behavior ::run [ RunTime:0.009049s ]
INFO: [ view_parse ] --END-- [ RunTime:0.009151s ]
INFO: [ view_filter ] --START--
INFO: ContentReplace Behavior ::run [ RunTime:0.000764s ]
INFO: TokenBuild Behavior ::run [ RunTime:0.000685s ]
INFO: WriteHtmlCache Behavior ::run [ RunTime:0.000523s ]
INFO: ShowRuntime Behavior ::run [ RunTime:0.000720s ]
INFO: [ view_filter ] --END-- [ RunTime:0.002873s ]
INFO: [ view_end ] --START--
INFO: ShowPageTrace Behavior ::run [ RunTime:0.000872s ]
INFO: [ view_end ] --END-- [ RunTime:0.000934s ]

[ 2013-07-08T11:10:31+08:00 ] 127.0.0.1 /hello/index.php
INFO: [ app_begin ] --START--
INFO: ReadHtmlCache Behavior ::run [ RunTime:0.000895s ]
INFO: [ app_begin ] --END-- [ RunTime:0.000998s ]
INFO: [ view_parse ] --START--
INFO: ParseTemplate Behavior ::run [ RunTime:0.010297s ]
INFO: [ view_parse ] --END-- [ RunTime:0.010406s ]
INFO: [ view_filter ] --START--
INFO: ContentReplace Behavior ::run [ RunTime:0.000667s ]
INFO: TokenBuild Behavior ::run [ RunTime:0.000658s ]
INFO: WriteHtmlCache Behavior ::run [ RunTime:0.000506s ]
INFO: ShowRuntime Behavior ::run [ RunTime:0.000761s ]
INFO: [ view_filter ] --END-- [ RunTime:0.002801s ]
INFO: [ view_end ] --START--
INFO: ShowPageTrace Behavior ::run [ RunTime:0.000959s ]
INFO: [ view_end ] --END-- [ RunTime:0.001032s ]

[ 2013-07-08T11:10:39+08:00 ] 127.0.0.1 /hello/index.php
INFO: [ app_begin ] --START--
INFO: ReadHtmlCache Behavior ::run [ RunTime:0.000923s ]
INFO: [ app_begin ] --END-- [ RunTime:0.001025s ]
INFO: [ view_parse ] --START--
INFO: ParseTemplate Behavior ::run [ RunTime:0.010081s ]
INFO: [ view_parse ] --END-- [ RunTime:0.010188s ]
INFO: [ view_filter ] --START--
INFO: ContentReplace Behavior ::run [ RunTime:0.000634s ]
INFO: TokenBuild Behavior ::run [ RunTime:0.000650s ]
INFO: WriteHtmlCache Behavior ::run [ RunTime:0.000503s ]
INFO: ShowRuntime Behavior ::run [ RunTime:0.000761s ]
INFO: [ view_filter ] --END-- [ RunTime:0.002753s ]
INFO: [ view_end ] --START--
INFO: ShowPageTrace Behavior ::run [ RunTime:0.000933s ]
INFO: [ view_end ] --END-- [ RunTime:0.001006s ]

[ 2013-07-08T11:10:51+08:00 ] 127.0.0.1 /hello/index.php
INFO: [ app_begin ] --START--
INFO: ReadHtmlCache Behavior ::run [ RunTime:0.000704s ]
INFO: [ app_begin ] --END-- [ RunTime:0.000784s ]
INFO: [ view_parse ] --START--
INFO: ParseTemplate Behavior ::run [ RunTime:0.008237s ]
INFO: [ view_parse ] --END-- [ RunTime:0.008327s ]
INFO: [ view_filter ] --START--
INFO: ContentReplace Behavior ::run [ RunTime:0.000525s ]
INFO: TokenBuild Behavior ::run [ RunTime:0.000527s ]
INFO: WriteHtmlCache Behavior ::run [ RunTime:0.000403s ]
INFO: ShowRuntime Behavior ::run [ RunTime:0.000603s ]
INFO: [ view_filter ] --END-- [ RunTime:0.002223s ]
INFO: [ view_end ] --START--
INFO: ShowPageTrace Behavior ::run [ RunTime:0.000753s ]
INFO: [ view_end ] --END-- [ RunTime:0.000813s ]

[ 2013-07-08T11:11:54+08:00 ] 127.0.0.1 /hello/index.php
INFO: [ app_begin ] --START--
INFO: ReadHtmlCache Behavior ::run [ RunTime:0.000882s ]
INFO: [ app_begin ] --END-- [ RunTime:0.000979s ]
INFO: [ view_parse ] --START--
INFO: ParseTemplate Behavior ::run [ RunTime:0.010216s ]
INFO: [ view_parse ] --END-- [ RunTime:0.010324s ]
INFO: [ view_filter ] --START--
INFO: ContentReplace Behavior ::run [ RunTime:0.000650s ]
INFO: TokenBuild Behavior ::run [ RunTime:0.000661s ]
INFO: WriteHtmlCache Behavior ::run [ RunTime:0.000505s ]
INFO: ShowRuntime Behavior ::run [ RunTime:0.000769s ]
INFO: [ view_filter ] --END-- [ RunTime:0.002796s ]
INFO: [ view_end ] --START--
INFO: ShowPageTrace Behavior ::run [ RunTime:0.000938s ]
INFO: [ view_end ] --END-- [ RunTime:0.001014s ]

[ 2013-07-08T11:15:40+08:00 ] 127.0.0.1 /hello/index.php
INFO: [ app_begin ] --START--
INFO: ReadHtmlCache Behavior ::run [ RunTime:0.001005s ]
INFO: [ app_begin ] --END-- [ RunTime:0.001092s ]
INFO: [ view_parse ] --START--
INFO: ParseTemplate Behavior ::run [ RunTime:0.009047s ]
INFO: [ view_parse ] --END-- [ RunTime:0.009141s ]
INFO: [ view_filter ] --START--
INFO: ContentReplace Behavior ::run [ RunTime:0.000667s ]
INFO: TokenBuild Behavior ::run [ RunTime:0.000763s ]
INFO: WriteHtmlCache Behavior ::run [ RunTime:0.000626s ]
INFO: ShowRuntime Behavior ::run [ RunTime:0.000753s ]
INFO: [ view_filter ] --END-- [ RunTime:0.003045s ]
INFO: [ view_end ] --START--
INFO: ShowPageTrace Behavior ::run [ RunTime:0.000904s ]
INFO: [ view_end ] --END-- [ RunTime:0.000967s ]

[ 2013-07-08T15:56:30+08:00 ] 127.0.0.1 /hello/index.php
INFO: [ app_begin ] --START--
INFO: ReadHtmlCache Behavior ::run [ RunTime:0.001246s ]
INFO: [ app_begin ] --END-- [ RunTime:0.001364s ]
INFO: [ view_parse ] --START--
INFO: ParseTemplate Behavior ::run [ RunTime:0.012019s ]
INFO: [ view_parse ] --END-- [ RunTime:0.012150s ]
INFO: [ view_filter ] --START--
INFO: ContentReplace Behavior ::run [ RunTime:0.000996s ]
INFO: TokenBuild Behavior ::run [ RunTime:0.000852s ]
INFO: WriteHtmlCache Behavior ::run [ RunTime:0.000666s ]
INFO: ShowRuntime Behavior ::run [ RunTime:0.009931s ]
INFO: [ view_filter ] --END-- [ RunTime:0.012694s ]
INFO: [ view_end ] --START--
INFO: ShowPageTrace Behavior ::run [ RunTime:0.001376s ]
INFO: [ view_end ] --END-- [ RunTime:0.001472s ]

